<?xml version="1.0" encoding="UTF-8"?>
<!-- Generated by org.testng.reporters.JUnitReportReporter -->
<testsuite hostname="WH5000703" name="com.who.rest.tests.jersey.AjaxTestFrame" tests="2" failures="0" timestamp="23 Jul 2014 08:09:38 GMT" time="12.930" errors="0">
  <testcase name="AjaxTest" time="6.381" classname="com.who.rest.tests.jersey.AjaxTestFrame"/>
  <testcase name="AjaxTest" time="6.549" classname="com.who.rest.tests.jersey.AjaxTestFrame"/>
</testsuite> <!-- com.who.rest.tests.jersey.AjaxTestFrame -->
