<?xml version="1.0" encoding="UTF-8"?>
<!-- Generated by org.testng.reporters.JUnitReportReporter -->
<testsuite hostname="WH5000703" name="com.who.rest.tests.jersey.LoadTests" tests="2" failures="0" timestamp="23 Jul 2014 08:35:20 GMT" time="16.720" errors="0">
  <testcase name="loadTest" time="8.433" classname="com.who.rest.tests.jersey.LoadTests"/>
  <testcase name="loadTest" time="8.287" classname="com.who.rest.tests.jersey.LoadTests"/>
</testsuite> <!-- com.who.rest.tests.jersey.LoadTests -->
