<?xml version="1.0" encoding="UTF-8"?>
<!-- Generated by org.testng.reporters.JUnitReportReporter -->
<testsuite hostname="WH5000703" name="com.who.rest.tests.jersey.AjaxTest" tests="2" failures="0" timestamp="23 Jul 2014 08:09:57 GMT" time="17.417" errors="0">
  <testcase name="AjaxTest" time="8.796" classname="com.who.rest.tests.jersey.AjaxTest"/>
  <testcase name="AjaxTest" time="8.621" classname="com.who.rest.tests.jersey.AjaxTest"/>
</testsuite> <!-- com.who.rest.tests.jersey.AjaxTest -->
