<?xml version="1.0" encoding="UTF-8"?>
<!-- Generated by org.testng.reporters.JUnitReportReporter -->
<testsuite hostname="WH5000703" name="com.who.rest.tests.testService.TestServiceTests" tests="1" failures="0" timestamp="23 Jul 2014 08:10:33 GMT" time="0.164" errors="0">
  <testcase name="getTestsData" time="0.164" classname="com.who.rest.tests.testService.TestServiceTests"/>
</testsuite> <!-- com.who.rest.tests.testService.TestServiceTests -->
