<?xml version="1.0" encoding="UTF-8"?>
<!-- Generated by org.testng.reporters.JUnitReportReporter -->
<testsuite hostname="WH5000703" name="com.test.StateTest" tests="1" failures="0" timestamp="30 Nov 2015 16:20:59 GMT" time="0.117" errors="0">
  <testcase name="testState" time="0.117" classname="com.test.StateTest"/>
</testsuite> <!-- com.test.StateTest -->
