<?xml version="1.0" encoding="UTF-8"?>
<!-- Generated by org.testng.reporters.JUnitReportReporter -->
<testsuite hostname="WH5000727" name="com.wh.auto.eurogrand.BrowserTargetTestsChrome" tests="3" failures="0" timestamp="15 Aug 2013 09:15:54 GMT" time="52.679" errors="0">
  <testcase name="BrowserTarget" time="15.337" classname="com.wh.auto.eurogrand.BrowserTargetTestsChrome"/>
  <testcase name="BrowserTarget" time="21.970" classname="com.wh.auto.eurogrand.BrowserTargetTestsChrome"/>
  <testcase name="BrowserTarget" time="15.372" classname="com.wh.auto.eurogrand.BrowserTargetTestsChrome"/>
</testsuite> <!-- com.wh.auto.eurogrand.BrowserTargetTestsChrome -->
