<?xml version="1.0" encoding="UTF-8"?>
<!-- Generated by org.testng.reporters.JUnitReportReporter -->
<testsuite hostname="WH5000727" name="com.wh.auto.eurogrand.MobileRedirectionTestsChrome" tests="2" failures="0" timestamp="15 Aug 2013 15:03:46 GMT" time="50.137" errors="0">
  <testcase name="browserTarget" time="24.386" classname="com.wh.auto.eurogrand.MobileRedirectionTestsChrome"/>
  <testcase name="browserTarget" time="25.751" classname="com.wh.auto.eurogrand.MobileRedirectionTestsChrome"/>
</testsuite> <!-- com.wh.auto.eurogrand.MobileRedirectionTestsChrome -->
