<?xml version="1.0" encoding="UTF-8"?>
<!-- Generated by org.testng.reporters.JUnitReportReporter -->
<testsuite hostname="WH5000727" name="com.wh.auto.eurogrand.BrowserTargetTestsIE" tests="3" failures="0" timestamp="14 Aug 2013 13:50:41 GMT" time="48.605" errors="0">
  <testcase name="browserTarget" time="17.201" classname="com.wh.auto.eurogrand.BrowserTargetTestsIE"/>
  <testcase name="browserTarget" time="16.033" classname="com.wh.auto.eurogrand.BrowserTargetTestsIE"/>
  <testcase name="browserTarget" time="15.371" classname="com.wh.auto.eurogrand.BrowserTargetTestsIE"/>
</testsuite> <!-- com.wh.auto.eurogrand.BrowserTargetTestsIE -->
