<?xml version="1.0" encoding="UTF-8"?>
<!-- Generated by org.testng.reporters.JUnitReportReporter -->
<testsuite hostname="WH5000727" name="com.wh.auto.eurogrand.BrowserTargetTestsFF" tests="3" failures="0" timestamp="14 Aug 2013 13:33:09 GMT" time="73.887" errors="0">
  <testcase name="browserTarget" time="15.606" classname="com.wh.auto.eurogrand.BrowserTargetTestsFF"/>
  <testcase name="browserTarget" time="27.216" classname="com.wh.auto.eurogrand.BrowserTargetTestsFF"/>
  <testcase name="browserTarget" time="31.065" classname="com.wh.auto.eurogrand.BrowserTargetTestsFF"/>
</testsuite> <!-- com.wh.auto.eurogrand.BrowserTargetTestsFF -->
