<?xml version="1.0" encoding="UTF-8"?>
<!-- Generated by org.testng.reporters.JUnitReportReporter -->
<testsuite hostname="WH5000727" name="com.wh.auto.eurogrand.BrowserTargetTestsIE" tests="3" failures="0" timestamp="13 Aug 2013 07:23:45 GMT" time="54.676" errors="0">
  <testcase name="BrowserTarget" time="20.219" classname="com.wh.auto.eurogrand.BrowserTargetTestsIE"/>
  <testcase name="BrowserTarget" time="17.075" classname="com.wh.auto.eurogrand.BrowserTargetTestsIE"/>
  <testcase name="BrowserTarget" time="17.382" classname="com.wh.auto.eurogrand.BrowserTargetTestsIE"/>
</testsuite> <!-- com.wh.auto.eurogrand.BrowserTargetTestsIE -->
