<?xml version="1.0" encoding="UTF-8"?>
<!-- Generated by org.testng.reporters.JUnitReportReporter -->
<testsuite hostname="WH5000727" name="com.wh.auto.eurogrand.BrowserTargetTestsChrome" tests="3" failures="0" timestamp="13 Aug 2013 07:03:09 GMT" time="46.689" errors="0">
  <testcase name="BrowserTarget" time="14.465" classname="com.wh.auto.eurogrand.BrowserTargetTestsChrome"/>
  <testcase name="BrowserTarget" time="18.022" classname="com.wh.auto.eurogrand.BrowserTargetTestsChrome"/>
  <testcase name="BrowserTarget" time="14.202" classname="com.wh.auto.eurogrand.BrowserTargetTestsChrome"/>
</testsuite> <!-- com.wh.auto.eurogrand.BrowserTargetTestsChrome -->
