<?xml version="1.0" encoding="UTF-8"?>
<!-- Generated by org.testng.reporters.JUnitReportReporter -->
<testsuite hostname="WH5000727" name="com.wh.auto.eurogrand.BrowserTargetTestsFF" tests="3" failures="0" timestamp="13 Aug 2013 07:04:18 GMT" time="44.281" errors="0">
  <testcase name="BrowserTarget" time="15.869" classname="com.wh.auto.eurogrand.BrowserTargetTestsFF"/>
  <testcase name="BrowserTarget" time="14.267" classname="com.wh.auto.eurogrand.BrowserTargetTestsFF"/>
  <testcase name="BrowserTarget" time="14.145" classname="com.wh.auto.eurogrand.BrowserTargetTestsFF"/>
</testsuite> <!-- com.wh.auto.eurogrand.BrowserTargetTestsFF -->
