<?xml version="1.0" encoding="UTF-8" ?>
<testsuite errors="0" failures="1" hostname="WH5000727" name="UnsubscribeTesting" tests="8" time="44.096" timestamp="2012-12-20T11:47:15">
  <properties>
    <property name="java.vendor" value="Oracle Corporation" />
    <property name="lib.dir" value="C:\SVN\SoapUITest\lib" />
    <property name="sun.java.launcher" value="SUN_STANDARD" />
    <property name="eclipse.pdebuild.templates" value="/C:/Program Files/eclipse/plugins/org.eclipse.pde.build_3.7.0.v20111116-2009/templates/" />
    <property name="sun.management.compiler" value="HotSpot Client Compiler" />
    <property name="os.name" value="Windows 7" />
    <property name="sun.boot.class.path" value="C:\Program Files\Java\jre7\lib\resources.jar;C:\Program Files\Java\jre7\lib\rt.jar;C:\Program Files\Java\jre7\lib\sunrsasign.jar;C:\Program Files\Java\jre7\lib\jsse.jar;C:\Program Files\Java\jre7\lib\jce.jar;C:\Program Files\Java\jre7\lib\charsets.jar;C:\Program Files\Java\jre7\lib\jfr.jar;C:\Program Files\Java\jre7\classes" />
    <property name="user.country.format" value="IL" />
    <property name="sun.desktop" value="windows" />
    <property name="java.vm.specification.vendor" value="Oracle Corporation" />
    <property name="ant.home" value="C:\Program Files\eclipse\plugins\org.apache.ant_1.8.2.v20120109-1030" />
    <property name="java.runtime.version" value="1.7.0_09-b05" />
    <property name="user.name" value="yanivc" />
    <property name="user.language.format" value="he" />
    <property name="build.dir" value="C:\SVN\SoapUITest\build" />
    <property name="user.language" value="en" />
    <property name="test.report.dir" value="C:\SVN\SoapUITest\testreport" />
    <property name="sun.boot.library.path" value="C:\Program Files\Java\jre7\bin" />
    <property name="ant.file.type.Ant-Test" value="file" />
    <property name="ant.project.default-target" value="main" />
    <property name="ant.project.name" value="Ant-Test" />
    <property name="java.version" value="1.7.0_09" />
    <property name="user.timezone" value="" />
    <property name="sun.arch.data.model" value="32" />
    <property name="java.endorsed.dirs" value="C:\Program Files\Java\jre7\lib\endorsed" />
    <property name="sun.cpu.isalist" value="pentium_pro+mmx pentium_pro pentium+mmx pentium i486 i386 i86" />
    <property name="sun.jnu.encoding" value="Cp1252" />
    <property name="file.encoding.pkg" value="sun.io" />
    <property name="file.separator" value="\" />
    <property name="java.specification.name" value="Java Platform API Specification" />
    <property name="java.class.version" value="51.0" />
    <property name="user.country" value="US" />
    <property name="java.home" value="C:\Program Files\Java\jre7" />
    <property name="java.vm.info" value="mixed mode, sharing" />
    <property name="ant.file" value="C:\SVN\SoapUITest\UnsubscribeJunit.xml" />
    <property name="os.version" value="6.1" />
    <property name="path.separator" value=";" />
    <property name="java.vm.version" value="23.5-b02" />
    <property name="user.variant" value="" />
    <property name="ant.library.dir" value="C:\Program Files\eclipse\plugins\org.apache.ant_1.8.2.v20120109-1030\lib" />
    <property name="java.awt.printerjob" value="sun.awt.windows.WPrinterJob" />
    <property name="sun.io.unicode.encoding" value="UnicodeLittle" />
    <property name="awt.toolkit" value="sun.awt.windows.WToolkit" />
    <property name="user.script" value="" />
    <property name="eclipse.pdebuild.scripts" value="/C:/Program Files/eclipse/plugins/org.eclipse.pde.build_3.7.0.v20111116-2009/scripts/" />
    <property name="user.home" value="\\il-fs1\fr-desktop$\yanivc" />
    <property name="java.specification.vendor" value="Oracle Corporation" />
    <property name="test.dir" value="C:\SVN\SoapUITest\src" />
    <property name="java.library.path" value="C:\Program Files\Java\jre7\bin;C:\Windows\Sun\Java\bin;C:\Windows\system32;C:\Windows;C:/Program Files/Java/jre7/bin/client;C:/Program Files/Java/jre7/bin;C:/Program Files/Java/jre7/lib/i386;C:\Windows\system32;C:\Windows;C:\Windows\System32\Wbem;C:\Windows\System32\WindowsPowerShell\v1.0\;C:\Program Files\ATI Technologies\ATI.ACE\Core-Static;C:\Program Files\System Center Operations Manager 2007\;C:\Program Files\QuickTime\QTSystem\;c:\Program Files\Microsoft SQL Server\100\Tools\Binn\;c:\Program Files\Microsoft SQL Server\100\DTS\Binn\;C:\Program Files\Enterprise Vault\EVClient\;c:\Program Files\Microsoft SQL Server\100\Tools\Binn\VSShell\Common7\IDE\;C:\Program Files\TortoiseSVN\bin;C:\Program Files\Java\jdk1.7.0_05\bin;C:\Program Files\eclipse\plugins\org.apache.ant_1.8.2.v20120109-1030\bin;C:\Program Files\eclipse;;." />
    <property name="java.vendor.url" value="http://java.oracle.com/" />
    <property name="ant.file.Ant-Test" value="C:\SVN\SoapUITest\UnsubscribeJunit.xml" />
    <property name="java.vm.vendor" value="Oracle Corporation" />
    <property name="java.runtime.name" value="Java(TM) SE Runtime Environment" />
    <property name="sun.java.command" value="org.apache.tools.ant.taskdefs.optional.junit.JUnitTestRunner UnsubscribeTesting filtertrace=true haltOnError=false haltOnFailure=true formatter=org.apache.tools.ant.taskdefs.optional.junit.SummaryJUnitResultFormatter showoutput=true outputtoformatters=true logfailedtests=true logtestlistenerevents=false formatter=org.apache.tools.ant.taskdefs.optional.junit.XMLJUnitResultFormatter,C:\SVN\SoapUITest\testreport\TEST-UnsubscribeTesting.xml crashfile=C:\SVN\SoapUITest\junitvmwatcher2192158901579401768.properties propsfile=C:\SVN\SoapUITest\junit1180852543857267801.properties" />
    <property name="java.class.path" value="C:\SVN\SoapUITest\lib\SendRestful.jar;C:\SVN\SoapUITest\lib\selenium-server-standalone-2.25.0.jar;C:\SVN\SoapUITest\build;C:\SVN\SoapUITest;C:\Program Files\Java\jre6\lib\ext\QTJava.zip;C:\Program Files\eclipse\plugins\org.apache.ant_1.8.2.v20120109-1030\lib\ant-launcher.jar;C:\Program Files\eclipse\plugins\org.apache.ant_1.8.2.v20120109-1030\lib\ant.jar;C:\Program Files\eclipse\plugins\org.apache.ant_1.8.2.v20120109-1030\lib\ant-junit.jar;C:\Program Files\eclipse\plugins\org.apache.ant_1.8.2.v20120109-1030\lib\ant-junit4.jar" />
    <property name="ant.version" value="Apache Ant(TM) version 1.8.2 compiled on December 20 2010" />
    <property name="java.vm.specification.name" value="Java Virtual Machine Specification" />
    <property name="java.vm.specification.version" value="1.7" />
    <property name="sun.cpu.endian" value="little" />
    <property name="sun.os.patch.level" value="Service Pack 1" />
    <property name="eclipse.pdebuild.home" value="/C:/Program Files/eclipse/plugins/org.eclipse.pde.build_3.7.0.v20111116-2009/./" />
    <property name="java.io.tmpdir" value="C:\Users\yanivc\AppData\Local\Temp\" />
    <property name="java.vendor.url.bug" value="http://bugreport.sun.com/bugreport/" />
    <property name="os.arch" value="x86" />
    <property name="java.awt.graphicsenv" value="sun.awt.Win32GraphicsEnvironment" />
    <property name="java.ext.dirs" value="C:\Program Files\Java\jre7\lib\ext;C:\Windows\Sun\Java\lib\ext" />
    <property name="user.dir" value="C:\SVN\SoapUITest" />
    <property name="line.separator" value="&#xd;&#xa;" />
    <property name="java.vm.name" value="Java HotSpot(TM) Client VM" />
    <property name="basedir" value="C:\SVN\SoapUITest" />
    <property name="ant.java.version" value="1.7" />
    <property name="ant.core.lib" value="C:\Program Files\eclipse\plugins\org.apache.ant_1.8.2.v20120109-1030\lib\ant.jar" />
    <property name="file.encoding" value="Cp1252" />
    <property name="java.specification.version" value="1.7" />
    <property name="src.dir" value="C:\SVN\SoapUITest\src" />
    <property name="ant.project.invoked-targets" value="main" />
  </properties>
  <testcase classname="UnsubscribeTesting" name="WrongCasino" time="0.108" />
  <testcase classname="UnsubscribeTesting" name="WithoutUser" time="0.84" />
  <testcase classname="UnsubscribeTesting" name="ChannelExtraParams" time="0.885" />
  <testcase classname="UnsubscribeTesting" name="UnregisteredUser" time="0.885" />
  <testcase classname="UnsubscribeTesting" name="WithoutCasino" time="0.101" />
  <testcase classname="UnsubscribeTesting" name="ChannelEmptyFormat" time="0.1" />
  <testcase classname="UnsubscribeTesting" name="ChannelInvalidFormat" time="0.84" />
  <testcase classname="UnsubscribeTesting" name="UnsubscribeAll" time="34.033">
    <failure message="Phone can&apos;t Unsubscribe" type="junit.framework.AssertionFailedError">junit.framework.AssertionFailedError: Phone can&apos;t Unsubscribe
	at UnsubscribeTesting.UnsubscribeAll(Unknown Source)
</failure>
  </testcase>
  <system-out><![CDATA[URL in Post: http://api.dev//account/playtech8000191/web/Yaniv111/unsubscribe
Body in Post: p={"channels":"email,phone,directMail,SMS"}
Return in Post: {"casinoName":["2013(range)"]}
URL in Post: http://api.dev//account/playtech800011/web//unsubscribe
Body in Post: p={"channels":"email,phone,directMail,SMS"}
Return in Post: {"error":{"code":"UMS-105","description":"Invalid data. Missing: objectIdentity.username","severity":"ERROR"}}
URL in Post: http://api.dev//account/playtech800011/web/Yaniv111/unsubscribe
Body in Post: p={"channels":"email,phone,directMail,SSSMS,BROWSER"}
Return in Post: {"error":{"code":"UMS-105","description":"Unknown channel:SSSMS","severity":"ERROR"}}
URL in Post: http://api.dev//account/playtech800011/web/Yani/unsubscribe
Body in Post: p={"channels":"email,phone,directMail,SMS"}
Return in Post: {"error":{"code":"UMS-107","description":"Unable to read player from database: Yani-playtech800011","severity":"ERROR"}}
URL in Post: http://api.dev//account//web/Yaniv111/unsubscribe
Body in Post: p={"channels":"email,phone,directMail,SMS"}
Return in Post: {"casinoName":["2015(not_found)"]}
URL in Post: http://api.dev//account/playtech800011/web/Yaniv111/unsubscribe
Body in Post: p={"channels":""}
Return in Post: {"channels":["Channels cannot be blank."]}
URL in Post: http://api.dev//account/playtech800011/web/Yaniv111/unsubscribe
Body in Post: p={"channels":"email,phone,directMail,SSSMS"}
Return in Post: {"error":{"code":"UMS-105","description":"Unknown channel:SSSMS","severity":"ERROR"}}
Starting to check PT ADMIN output for user: Yaniv121
URL in Post: http://api.dev//account/playtech800011/web/Yaniv111/unsubscribe
Body in Post: p={"channels":"email,phone,directMail,SMS"}
Return in Post: {"setPlayerContactPreferencesResponse":{"errorCode":"0"}}
Starting to check PT ADMIN output for user: Yaniv121
]]></system-out>
  <system-err><![CDATA[]]></system-err>
</testsuite>
